2025-05-26 00:16:12,263 - INFO - 로깅 시스템 초기화 완료
2025-05-26 00:16:12,269 - DEBUG - STREAM b'IHDR' 16 13
2025-05-26 00:16:12,269 - DEBUG - STREAM b'gAMA' 41 4
2025-05-26 00:16:12,269 - DEBUG - STREAM b'sRGB' 57 1
2025-05-26 00:16:12,269 - DEBUG - STREAM b'PLTE' 70 762
2025-05-26 00:16:12,270 - DEBUG - STREAM b'IDAT' 844 8192
2025-05-26 00:16:12,272 - DEBUG - Importing AvifImagePlugin
2025-05-26 00:16:12,272 - DEBUG - Importing BlpImagePlugin
2025-05-26 00:16:12,273 - DEBUG - Importing BmpImagePlugin
2025-05-26 00:16:12,273 - DEBUG - Importing BufrStubImagePlugin
2025-05-26 00:16:12,273 - DEBUG - Importing CurImagePlugin
2025-05-26 00:16:12,273 - DEBUG - Importing DcxImagePlugin
2025-05-26 00:16:12,274 - DEBUG - Importing DdsImagePlugin
2025-05-26 00:16:12,276 - DEBUG - Importing EpsImagePlugin
2025-05-26 00:16:12,276 - DEBUG - Importing FitsImagePlugin
2025-05-26 00:16:12,277 - DEBUG - Importing FliImagePlugin
2025-05-26 00:16:12,277 - DEBUG - Importing FpxImagePlugin
2025-05-26 00:16:12,278 - DEBUG - Image: failed to import FpxImagePlugin: No module named 'olefile'
2025-05-26 00:16:12,278 - DEBUG - Importing FtexImagePlugin
2025-05-26 00:16:12,278 - DEBUG - Importing GbrImagePlugin
2025-05-26 00:16:12,278 - DEBUG - Importing GifImagePlugin
2025-05-26 00:16:12,278 - DEBUG - Importing GribStubImagePlugin
2025-05-26 00:16:12,278 - DEBUG - Importing Hdf5StubImagePlugin
2025-05-26 00:16:12,279 - DEBUG - Importing IcnsImagePlugin
2025-05-26 00:16:12,279 - DEBUG - Importing IcoImagePlugin
2025-05-26 00:16:12,280 - DEBUG - Importing ImImagePlugin
2025-05-26 00:16:12,280 - DEBUG - Importing ImtImagePlugin
2025-05-26 00:16:12,281 - DEBUG - Importing IptcImagePlugin
2025-05-26 00:16:12,281 - DEBUG - Importing JpegImagePlugin
2025-05-26 00:16:12,281 - DEBUG - Importing Jpeg2KImagePlugin
2025-05-26 00:16:12,281 - DEBUG - Importing McIdasImagePlugin
2025-05-26 00:16:12,281 - DEBUG - Importing MicImagePlugin
2025-05-26 00:16:12,282 - DEBUG - Image: failed to import MicImagePlugin: No module named 'olefile'
2025-05-26 00:16:12,282 - DEBUG - Importing MpegImagePlugin
2025-05-26 00:16:12,282 - DEBUG - Importing MpoImagePlugin
2025-05-26 00:16:12,286 - DEBUG - Importing MspImagePlugin
2025-05-26 00:16:12,286 - DEBUG - Importing PalmImagePlugin
2025-05-26 00:16:12,287 - DEBUG - Importing PcdImagePlugin
2025-05-26 00:16:12,287 - DEBUG - Importing PcxImagePlugin
2025-05-26 00:16:12,287 - DEBUG - Importing PdfImagePlugin
2025-05-26 00:16:12,290 - DEBUG - Importing PixarImagePlugin
2025-05-26 00:16:12,292 - DEBUG - Importing PngImagePlugin
2025-05-26 00:16:12,292 - DEBUG - Importing PpmImagePlugin
2025-05-26 00:16:12,292 - DEBUG - Importing PsdImagePlugin
2025-05-26 00:16:12,292 - DEBUG - Importing QoiImagePlugin
2025-05-26 00:16:12,292 - DEBUG - Importing SgiImagePlugin
2025-05-26 00:16:12,292 - DEBUG - Importing SpiderImagePlugin
2025-05-26 00:16:12,292 - DEBUG - Importing SunImagePlugin
2025-05-26 00:16:12,293 - DEBUG - Importing TgaImagePlugin
2025-05-26 00:16:12,293 - DEBUG - Importing TiffImagePlugin
2025-05-26 00:16:12,293 - DEBUG - Importing WebPImagePlugin
2025-05-26 00:16:12,294 - DEBUG - Importing WmfImagePlugin
2025-05-26 00:16:12,294 - DEBUG - Importing XbmImagePlugin
2025-05-26 00:16:12,294 - DEBUG - Importing XpmImagePlugin
2025-05-26 00:16:12,295 - DEBUG - Importing XVThumbImagePlugin
2025-05-26 00:16:15,120 - INFO - 현재 디렉토리: C:\Coding\smbot\mybot
2025-05-26 00:16:15,120 - INFO - 봇 파일 경로: C:\Coding\smbot\mybot\bot.py
2025-05-26 00:16:15,120 - INFO - Python 실행 파일: C:\Users\dltmd\AppData\Local\Programs\Python\Python312\python.exe
2025-05-26 00:16:15,120 - INFO - 봇 프로세스 시작 시도...
2025-05-26 00:16:15,125 - INFO - 프로세스 ID: 13424
2025-05-26 00:16:15,125 - INFO - 프로세스 상태: None
2025-05-26 00:16:15,125 - INFO - 봇이 시작되었습니다.
2025-05-26 00:16:15,682 - ERROR - 봇 에러 출력: [2025-05-26 00:16:15] [INFO    ] discord.client: logging in using static token
2025-05-26 00:16:16,821 - ERROR - 봇 에러 출력: [2025-05-26 00:16:16] [INFO    ] discord.gateway: Shard ID None has connected to Gateway (Session ID: 688621fff183821ebbeda6eff487009a).
2025-05-26 00:16:20,079 - ERROR - 봇 에러 출력: [2025-05-26 00:16:20] [INFO    ] discord.voice_client: Connecting to voice...
2025-05-26 00:16:20,079 - ERROR - 봇 에러 출력: [2025-05-26 00:16:20] [INFO    ] discord.voice_client: Starting voice handshake... (connection attempt 1)
2025-05-26 00:16:20,470 - ERROR - 봇 에러 출력: [2025-05-26 00:16:20] [INFO    ] discord.voice_client: Voice handshake complete. Endpoint found south-korea1119.discord.media
2025-05-26 00:16:30,615 - INFO - 종료할 프로세스 ID: 13424
2025-05-26 00:16:30,619 - INFO - 자식 프로세스 종료: 3456
2025-05-26 00:16:30,619 - INFO - 자식 프로세스 종료: 7312
2025-05-26 00:16:30,619 - INFO - 자식 프로세스 종료: 2720
2025-05-26 00:16:30,619 - INFO - 부모 프로세스 종료: 13424
2025-05-26 00:16:30,626 - INFO - 봇이 종료되었습니다.
2025-05-26 00:16:35,440 - INFO - 현재 디렉토리: C:\Coding\smbot\mybot
2025-05-26 00:16:35,440 - INFO - 봇 파일 경로: C:\Coding\smbot\mybot\bot.py
2025-05-26 00:16:35,440 - INFO - Python 실행 파일: C:\Users\dltmd\AppData\Local\Programs\Python\Python312\python.exe
2025-05-26 00:16:35,440 - INFO - 봇 프로세스 시작 시도...
2025-05-26 00:16:35,442 - INFO - 프로세스 ID: 29624
2025-05-26 00:16:35,442 - INFO - 프로세스 상태: None
2025-05-26 00:16:35,442 - INFO - 봇이 시작되었습니다.
2025-05-26 00:16:36,007 - ERROR - 봇 에러 출력: [2025-05-26 00:16:36] [INFO    ] discord.client: logging in using static token
2025-05-26 00:16:37,117 - ERROR - 봇 에러 출력: [2025-05-26 00:16:37] [INFO    ] discord.gateway: Shard ID None has connected to Gateway (Session ID: 2d43ee3ea060901e99bd5fb659337367).
2025-05-26 00:16:38,199 - INFO - 종료할 프로세스 ID: 29624
2025-05-26 00:16:38,204 - INFO - 자식 프로세스 종료: 19704
2025-05-26 00:16:38,204 - INFO - 부모 프로세스 종료: 29624
2025-05-26 00:16:38,209 - INFO - 봇이 종료되었습니다.
2025-05-26 00:16:39,179 - INFO - 실행 중인 봇이 없습니다.
