2025-05-26 00:21:22,645 - INFO - 로깅 시스템 초기화 완료
2025-05-26 00:21:22,651 - DEBUG - STREAM b'IHDR' 16 13
2025-05-26 00:21:22,651 - DEBUG - STREAM b'gAMA' 41 4
2025-05-26 00:21:22,651 - DEBUG - STREAM b'sRGB' 57 1
2025-05-26 00:21:22,651 - DEBUG - STREAM b'PLTE' 70 762
2025-05-26 00:21:22,651 - DEBUG - STREAM b'IDAT' 844 8192
2025-05-26 00:21:22,654 - DEBUG - Importing AvifImagePlugin
2025-05-26 00:21:22,654 - DEBUG - Importing BlpImagePlugin
2025-05-26 00:21:22,655 - DEBUG - Importing BmpImagePlugin
2025-05-26 00:21:22,655 - DEBUG - Importing BufrStubImagePlugin
2025-05-26 00:21:22,656 - DEBUG - Importing CurImagePlugin
2025-05-26 00:21:22,656 - DEBUG - Importing DcxImagePlugin
2025-05-26 00:21:22,656 - DEBUG - Importing DdsImagePlugin
2025-05-26 00:21:22,658 - DEBUG - Importing EpsImagePlugin
2025-05-26 00:21:22,658 - DEBUG - Importing FitsImagePlugin
2025-05-26 00:21:22,659 - DEBUG - Importing FliImagePlugin
2025-05-26 00:21:22,659 - DEBUG - Importing FpxImagePlugin
2025-05-26 00:21:22,660 - DEBUG - Image: failed to import FpxImagePlugin: No module named 'olefile'
2025-05-26 00:21:22,660 - DEBUG - Importing FtexImagePlugin
2025-05-26 00:21:22,660 - DEBUG - Importing GbrImagePlugin
2025-05-26 00:21:22,660 - DEBUG - Importing GifImagePlugin
2025-05-26 00:21:22,660 - DEBUG - Importing GribStubImagePlugin
2025-05-26 00:21:22,660 - DEBUG - Importing Hdf5StubImagePlugin
2025-05-26 00:21:22,660 - DEBUG - Importing IcnsImagePlugin
2025-05-26 00:21:22,662 - DEBUG - Importing IcoImagePlugin
2025-05-26 00:21:22,662 - DEBUG - Importing ImImagePlugin
2025-05-26 00:21:22,663 - DEBUG - Importing ImtImagePlugin
2025-05-26 00:21:22,663 - DEBUG - Importing IptcImagePlugin
2025-05-26 00:21:22,663 - DEBUG - Importing JpegImagePlugin
2025-05-26 00:21:22,663 - DEBUG - Importing Jpeg2KImagePlugin
2025-05-26 00:21:22,663 - DEBUG - Importing McIdasImagePlugin
2025-05-26 00:21:22,664 - DEBUG - Importing MicImagePlugin
2025-05-26 00:21:22,664 - DEBUG - Image: failed to import MicImagePlugin: No module named 'olefile'
2025-05-26 00:21:22,664 - DEBUG - Importing MpegImagePlugin
2025-05-26 00:21:22,664 - DEBUG - Importing MpoImagePlugin
2025-05-26 00:21:22,666 - DEBUG - Importing MspImagePlugin
2025-05-26 00:21:22,667 - DEBUG - Importing PalmImagePlugin
2025-05-26 00:21:22,667 - DEBUG - Importing PcdImagePlugin
2025-05-26 00:21:22,667 - DEBUG - Importing PcxImagePlugin
2025-05-26 00:21:22,667 - DEBUG - Importing PdfImagePlugin
2025-05-26 00:21:22,671 - DEBUG - Importing PixarImagePlugin
2025-05-26 00:21:22,671 - DEBUG - Importing PngImagePlugin
2025-05-26 00:21:22,671 - DEBUG - Importing PpmImagePlugin
2025-05-26 00:21:22,671 - DEBUG - Importing PsdImagePlugin
2025-05-26 00:21:22,672 - DEBUG - Importing QoiImagePlugin
2025-05-26 00:21:22,672 - DEBUG - Importing SgiImagePlugin
2025-05-26 00:21:22,672 - DEBUG - Importing SpiderImagePlugin
2025-05-26 00:21:22,672 - DEBUG - Importing SunImagePlugin
2025-05-26 00:21:22,673 - DEBUG - Importing TgaImagePlugin
2025-05-26 00:21:22,673 - DEBUG - Importing TiffImagePlugin
2025-05-26 00:21:22,673 - DEBUG - Importing WebPImagePlugin
2025-05-26 00:21:22,673 - DEBUG - Importing WmfImagePlugin
2025-05-26 00:21:22,674 - DEBUG - Importing XbmImagePlugin
2025-05-26 00:21:22,674 - DEBUG - Importing XpmImagePlugin
2025-05-26 00:21:22,675 - DEBUG - Importing XVThumbImagePlugin
2025-05-26 00:21:26,258 - INFO - 현재 디렉토리: C:\Coding\smbot\mybot
2025-05-26 00:21:26,258 - INFO - 봇 파일 경로: C:\Coding\smbot\mybot\bot.py
2025-05-26 00:21:26,258 - INFO - Python 실행 파일: C:\Users\dltmd\AppData\Local\Programs\Python\Python312\python.exe
2025-05-26 00:21:26,258 - INFO - 봇 프로세스 시작 시도...
2025-05-26 00:21:26,262 - INFO - 프로세스 ID: 408
2025-05-26 00:21:26,262 - INFO - 프로세스 상태: None
2025-05-26 00:21:26,262 - INFO - 봇이 시작되었습니다.
2025-05-26 00:21:26,820 - ERROR - 봇 에러 출력: [2025-05-26 00:21:26] [INFO    ] discord.client: logging in using static token
2025-05-26 00:21:27,989 - ERROR - 봇 에러 출력: [2025-05-26 00:21:27] [INFO    ] discord.gateway: Shard ID None has connected to Gateway (Session ID: b05561c06ebccf875d3d17cb513d11b1).
2025-05-26 00:21:30,124 - ERROR - 봇 에러 출력: [2025-05-26 00:21:30] [INFO    ] discord.voice_client: Connecting to voice...
2025-05-26 00:21:30,124 - ERROR - 봇 에러 출력: [2025-05-26 00:21:30] [INFO    ] discord.voice_client: Starting voice handshake... (connection attempt 1)
2025-05-26 00:21:30,500 - ERROR - 봇 에러 출력: [2025-05-26 00:21:30] [INFO    ] discord.voice_client: Voice handshake complete. Endpoint found south-korea1119.discord.media
2025-05-26 00:24:07,444 - ERROR - 봇 에러 출력: [tls @ 00000167868522c0] Unable to read from socket
2025-05-26 00:24:07,444 - ERROR - 봇 에러 출력: [https @ 00000167869127c0] Will reconnect at 2637808 in 0 second(s), error=Error number -10054 occurred.
2025-05-26 00:24:07,480 - ERROR - 봇 에러 출력: [tls @ 00000167868522c0] Failed to send close message
2025-05-26 00:24:13,882 - INFO - 종료할 프로세스 ID: 408
2025-05-26 00:24:13,889 - INFO - 자식 프로세스 종료: 15004
2025-05-26 00:24:13,896 - INFO - 자식 프로세스 종료: 8960
2025-05-26 00:24:13,904 - INFO - 자식 프로세스 종료: 17188
2025-05-26 00:24:13,904 - INFO - 부모 프로세스 종료: 408
2025-05-26 00:24:13,910 - INFO - 봇이 종료되었습니다.
