2025-05-26 00:12:01,090 - INFO - 로깅 시스템 초기화 완료
2025-05-26 00:12:01,096 - DEBUG - STREAM b'IHDR' 16 13
2025-05-26 00:12:01,096 - DEBUG - STREAM b'gAMA' 41 4
2025-05-26 00:12:01,096 - DEBUG - STREAM b'sRGB' 57 1
2025-05-26 00:12:01,096 - DEBUG - STREAM b'PLTE' 70 762
2025-05-26 00:12:01,096 - DEBUG - STREAM b'IDAT' 844 8192
2025-05-26 00:12:01,099 - DEBUG - Importing AvifImagePlugin
2025-05-26 00:12:01,100 - DEBUG - Importing BlpImagePlugin
2025-05-26 00:12:01,100 - DEBUG - Importing BmpImagePlugin
2025-05-26 00:12:01,100 - DEBUG - Importing BufrStubImagePlugin
2025-05-26 00:12:01,101 - DEBUG - Importing CurImagePlugin
2025-05-26 00:12:01,101 - DEBUG - Importing DcxImagePlugin
2025-05-26 00:12:01,102 - DEBUG - Importing DdsImagePlugin
2025-05-26 00:12:01,103 - DEBUG - Importing EpsImagePlugin
2025-05-26 00:12:01,104 - DEBUG - Importing FitsImagePlugin
2025-05-26 00:12:01,104 - DEBUG - Importing FliImagePlugin
2025-05-26 00:12:01,104 - DEBUG - Importing FpxImagePlugin
2025-05-26 00:12:01,105 - DEBUG - Image: failed to import FpxImagePlugin: No module named 'olefile'
2025-05-26 00:12:01,105 - DEBUG - Importing FtexImagePlugin
2025-05-26 00:12:01,105 - DEBUG - Importing GbrImagePlugin
2025-05-26 00:12:01,105 - DEBUG - Importing GifImagePlugin
2025-05-26 00:12:01,105 - DEBUG - Importing GribStubImagePlugin
2025-05-26 00:12:01,105 - DEBUG - Importing Hdf5StubImagePlugin
2025-05-26 00:12:01,106 - DEBUG - Importing IcnsImagePlugin
2025-05-26 00:12:01,107 - DEBUG - Importing IcoImagePlugin
2025-05-26 00:12:01,107 - DEBUG - Importing ImImagePlugin
2025-05-26 00:12:01,108 - DEBUG - Importing ImtImagePlugin
2025-05-26 00:12:01,108 - DEBUG - Importing IptcImagePlugin
2025-05-26 00:12:01,108 - DEBUG - Importing JpegImagePlugin
2025-05-26 00:12:01,108 - DEBUG - Importing Jpeg2KImagePlugin
2025-05-26 00:12:01,108 - DEBUG - Importing McIdasImagePlugin
2025-05-26 00:12:01,108 - DEBUG - Importing MicImagePlugin
2025-05-26 00:12:01,110 - DEBUG - Image: failed to import MicImagePlugin: No module named 'olefile'
2025-05-26 00:12:01,110 - DEBUG - Importing MpegImagePlugin
2025-05-26 00:12:01,110 - DEBUG - Importing MpoImagePlugin
2025-05-26 00:12:01,113 - DEBUG - Importing MspImagePlugin
2025-05-26 00:12:01,113 - DEBUG - Importing PalmImagePlugin
2025-05-26 00:12:01,114 - DEBUG - Importing PcdImagePlugin
2025-05-26 00:12:01,114 - DEBUG - Importing PcxImagePlugin
2025-05-26 00:12:01,114 - DEBUG - Importing PdfImagePlugin
2025-05-26 00:12:01,117 - DEBUG - Importing PixarImagePlugin
2025-05-26 00:12:01,117 - DEBUG - Importing PngImagePlugin
2025-05-26 00:12:01,117 - DEBUG - Importing PpmImagePlugin
2025-05-26 00:12:01,117 - DEBUG - Importing PsdImagePlugin
2025-05-26 00:12:01,118 - DEBUG - Importing QoiImagePlugin
2025-05-26 00:12:01,118 - DEBUG - Importing SgiImagePlugin
2025-05-26 00:12:01,118 - DEBUG - Importing SpiderImagePlugin
2025-05-26 00:12:01,118 - DEBUG - Importing SunImagePlugin
2025-05-26 00:12:01,118 - DEBUG - Importing TgaImagePlugin
2025-05-26 00:12:01,118 - DEBUG - Importing TiffImagePlugin
2025-05-26 00:12:01,119 - DEBUG - Importing WebPImagePlugin
2025-05-26 00:12:01,119 - DEBUG - Importing WmfImagePlugin
2025-05-26 00:12:01,119 - DEBUG - Importing XbmImagePlugin
2025-05-26 00:12:01,120 - DEBUG - Importing XpmImagePlugin
2025-05-26 00:12:01,120 - DEBUG - Importing XVThumbImagePlugin
2025-05-26 00:12:07,374 - INFO - 현재 디렉토리: C:\Coding\smbot\mybot
2025-05-26 00:12:07,374 - INFO - 봇 파일 경로: C:\Coding\smbot\mybot\bot.py
2025-05-26 00:12:07,376 - INFO - Python 실행 파일: C:\Users\dltmd\AppData\Local\Programs\Python\Python312\python.exe
2025-05-26 00:12:07,376 - INFO - 봇 프로세스 시작 시도...
2025-05-26 00:12:07,379 - INFO - 프로세스 ID: 29044
2025-05-26 00:12:07,379 - INFO - 프로세스 상태: None
2025-05-26 00:12:07,379 - INFO - 봇이 시작되었습니다.
2025-05-26 00:12:07,404 - ERROR - 봇 에러 출력: File "C:\Coding\smbot\mybot\bot.py", line 376
2025-05-26 00:12:07,404 - ERROR - 봇 에러 출력: <<<<<<< HEAD
2025-05-26 00:12:07,404 - ERROR - 봇 에러 출력: ^^
2025-05-26 00:12:07,404 - ERROR - 봇 에러 출력: SyntaxError: invalid syntax
2025-05-26 00:12:10,338 - INFO - 실행 중인 봇이 없습니다.
2025-05-26 00:12:11,823 - INFO - 실행 중인 봇이 없습니다.
