2025-05-26 00:15:37,497 - INFO - 로깅 시스템 초기화 완료
2025-05-26 00:15:37,503 - DEBUG - STREAM b'IHDR' 16 13
2025-05-26 00:15:37,503 - DEBUG - STREAM b'gAMA' 41 4
2025-05-26 00:15:37,503 - DEBUG - STREAM b'sRGB' 57 1
2025-05-26 00:15:37,503 - DEBUG - STREAM b'PLTE' 70 762
2025-05-26 00:15:37,503 - DEBUG - STREAM b'IDAT' 844 8192
2025-05-26 00:15:37,506 - DEBUG - Importing AvifImagePlugin
2025-05-26 00:15:37,506 - DEBUG - Importing BlpImagePlugin
2025-05-26 00:15:37,507 - DEBUG - Importing BmpImagePlugin
2025-05-26 00:15:37,507 - DEBUG - Importing BufrStubImagePlugin
2025-05-26 00:15:37,507 - DEBUG - Importing CurImagePlugin
2025-05-26 00:15:37,507 - DEBUG - Importing DcxImagePlugin
2025-05-26 00:15:37,507 - DEBUG - Importing DdsImagePlugin
2025-05-26 00:15:37,509 - DEBUG - Importing EpsImagePlugin
2025-05-26 00:15:37,510 - DEBUG - Importing FitsImagePlugin
2025-05-26 00:15:37,510 - DEBUG - Importing FliImagePlugin
2025-05-26 00:15:37,511 - DEBUG - Importing FpxImagePlugin
2025-05-26 00:15:37,511 - DEBUG - Image: failed to import FpxImagePlugin: No module named 'olefile'
2025-05-26 00:15:37,511 - DEBUG - Importing FtexImagePlugin
2025-05-26 00:15:37,511 - DEBUG - Importing GbrImagePlugin
2025-05-26 00:15:37,512 - DEBUG - Importing GifImagePlugin
2025-05-26 00:15:37,512 - DEBUG - Importing GribStubImagePlugin
2025-05-26 00:15:37,512 - DEBUG - Importing Hdf5StubImagePlugin
2025-05-26 00:15:37,512 - DEBUG - Importing IcnsImagePlugin
2025-05-26 00:15:37,513 - DEBUG - Importing IcoImagePlugin
2025-05-26 00:15:37,513 - DEBUG - Importing ImImagePlugin
2025-05-26 00:15:37,513 - DEBUG - Importing ImtImagePlugin
2025-05-26 00:15:37,515 - DEBUG - Importing IptcImagePlugin
2025-05-26 00:15:37,515 - DEBUG - Importing JpegImagePlugin
2025-05-26 00:15:37,515 - DEBUG - Importing Jpeg2KImagePlugin
2025-05-26 00:15:37,515 - DEBUG - Importing McIdasImagePlugin
2025-05-26 00:15:37,515 - DEBUG - Importing MicImagePlugin
2025-05-26 00:15:37,516 - DEBUG - Image: failed to import MicImagePlugin: No module named 'olefile'
2025-05-26 00:15:37,516 - DEBUG - Importing MpegImagePlugin
2025-05-26 00:15:37,516 - DEBUG - Importing MpoImagePlugin
2025-05-26 00:15:37,519 - DEBUG - Importing MspImagePlugin
2025-05-26 00:15:37,519 - DEBUG - Importing PalmImagePlugin
2025-05-26 00:15:37,519 - DEBUG - Importing PcdImagePlugin
2025-05-26 00:15:37,519 - DEBUG - Importing PcxImagePlugin
2025-05-26 00:15:37,519 - DEBUG - Importing PdfImagePlugin
2025-05-26 00:15:37,522 - DEBUG - Importing PixarImagePlugin
2025-05-26 00:15:37,523 - DEBUG - Importing PngImagePlugin
2025-05-26 00:15:37,523 - DEBUG - Importing PpmImagePlugin
2025-05-26 00:15:37,523 - DEBUG - Importing PsdImagePlugin
2025-05-26 00:15:37,523 - DEBUG - Importing QoiImagePlugin
2025-05-26 00:15:37,523 - DEBUG - Importing SgiImagePlugin
2025-05-26 00:15:37,523 - DEBUG - Importing SpiderImagePlugin
2025-05-26 00:15:37,524 - DEBUG - Importing SunImagePlugin
2025-05-26 00:15:37,524 - DEBUG - Importing TgaImagePlugin
2025-05-26 00:15:37,524 - DEBUG - Importing TiffImagePlugin
2025-05-26 00:15:37,524 - DEBUG - Importing WebPImagePlugin
2025-05-26 00:15:37,525 - DEBUG - Importing WmfImagePlugin
2025-05-26 00:15:37,525 - DEBUG - Importing XbmImagePlugin
2025-05-26 00:15:37,525 - DEBUG - Importing XpmImagePlugin
2025-05-26 00:15:37,525 - DEBUG - Importing XVThumbImagePlugin
2025-05-26 00:15:42,708 - INFO - 실행 중인 봇이 없습니다.
2025-05-26 00:15:49,077 - INFO - 실행 중인 봇이 없습니다.
